----------------------------------------------------------------------------------------------------
					Marvellous Infosystems

File created at : Sat Apr 27 13:45:40 2019 
----------------------------------------------------------------------------------------------------
C:\Users\Sanket\Downloads\Python\Assignments\Solutions\Assignment 13\Demo\a - Copy (10) - Copy.txt
C:\Users\Sanket\Downloads\Python\Assignments\Solutions\Assignment 13\Demo\a - Copy (11) - Copy - Copy.txt
C:\Users\Sanket\Downloads\Python\Assignments\Solutions\Assignment 13\Demo\a - Copy (12) - Copy - Copy.txt
C:\Users\Sanket\Downloads\Python\Assignments\Solutions\Assignment 13\Demo\a - Copy (13) - Copy - Copy.txt
C:\Users\Sanket\Downloads\Python\Assignments\Solutions\Assignment 13\Demo\a - Copy (14) - Copy - Copy.txt
C:\Users\Sanket\Downloads\Python\Assignments\Solutions\Assignment 13\Demo\a - Copy (15) - Copy - Copy.txt
C:\Users\Sanket\Downloads\Python\Assignments\Solutions\Assignment 13\Demo\a - Copy (16) - Copy - Copy.txt
C:\Users\Sanket\Downloads\Python\Assignments\Solutions\Assignment 13\Demo\a - Copy (17) - Copy - Copy.txt
C:\Users\Sanket\Downloads\Python\Assignments\Solutions\Assignment 13\Demo\a - Copy (18) - Copy - Copy.txt
C:\Users\Sanket\Downloads\Python\Assignments\Solutions\Assignment 13\Demo\a - Copy (19) - Copy - Copy.txt
C:\Users\Sanket\Downloads\Python\Assignments\Solutions\Assignment 13\Demo\a - Copy (20) - Copy - Copy.txt
C:\Users\Sanket\Downloads\Python\Assignments\Solutions\Assignment 13\Demo\a - Copy (21) - Copy - Copy.txt
C:\Users\Sanket\Downloads\Python\Assignments\Solutions\Assignment 13\Demo\a - Copy (22) - Copy - Copy.txt
C:\Users\Sanket\Downloads\Python\Assignments\Solutions\Assignment 13\Demo\a - Copy (23) - Copy - Copy.txt
C:\Users\Sanket\Downloads\Python\Assignments\Solutions\Assignment 13\Demo\a - Copy (24) - Copy - Copy.txt
C:\Users\Sanket\Downloads\Python\Assignments\Solutions\Assignment 13\Demo\a - Copy (25) - Copy - Copy.txt
